# JRE version: OpenJDK Runtime Environment (8.0_152-b01) (build 1.8.0_152-release-915-b01)
# Java VM: OpenJDK 64-Bit Server VM (25.152-b01 mixed mode windows-amd64 compressed oops)
Heap:
 PSYoungGen      total 108544K, used 69746K [0x00000000e0000000, 0x00000000e8080000, 0x0000000100000000)
  eden space 87552K, 63% used [0x00000000e0000000,0x00000000e360ec50,0x00000000e5580000)
  from space 20992K, 68% used [0x00000000e6c00000,0x00000000e7a0dec8,0x00000000e8080000)
  to   space 22016K, 0% used [0x00000000e5580000,0x00000000e5580000,0x00000000e6b00000)
 ParOldGen       total 184320K, used 32279K [0x00000000a0000000, 0x00000000ab400000, 0x00000000e0000000)
  object space 184320K, 17% used [0x00000000a0000000,0x00000000a1f85f50,0x00000000ab400000)
 Metaspace       used 71874K, capacity 74954K, committed 74968K, reserved 1114112K
  class space    used 9289K, capacity 9980K, committed 9984K, reserved 1048576K
GC Heap History (10 events):
Event: 124.084 GC heap before
{Heap before GC invocations=19 (full 3):
 PSYoungGen      total 88064K, used 69632K [0x00000000e0000000, 0x00000000e7200000, 0x0000000100000000)
  eden space 69632K, 100% used [0x00000000e0000000,0x00000000e4400000,0x00000000e4400000)
  from space 18432K, 0% used [0x00000000e4400000,0x00000000e4400000,0x00000000e5600000)
  to   space 20992K, 0% used [0x00000000e5d80000,0x00000000e5d80000,0x00000000e7200000)
 ParOldGen       total 184320K, used 31983K [0x00000000a0000000, 0x00000000ab400000, 0x00000000e0000000)
  object space 184320K, 17% used [0x00000000a0000000,0x00000000a1f3bf38,0x00000000ab400000)
 Metaspace       used 61090K, capacity 63322K, committed 63448K, reserved 1103872K
  class space    used 8207K, capacity 8684K, committed 8704K, reserved 1048576K
Event: 124.094 GC heap after
Heap after GC invocations=19 (full 3):
 PSYoungGen      total 96768K, used 9082K [0x00000000e0000000, 0x00000000e7200000, 0x0000000100000000)
  eden space 75776K, 0% used [0x00000000e0000000,0x00000000e0000000,0x00000000e4a00000)
  from space 20992K, 43% used [0x00000000e5d80000,0x00000000e665e960,0x00000000e7200000)
  to   space 19968K, 0% used [0x00000000e4a00000,0x00000000e4a00000,0x00000000e5d80000)
 ParOldGen       total 184320K, used 31991K [0x00000000a0000000, 0x00000000ab400000, 0x00000000e0000000)
  object space 184320K, 17% used [0x00000000a0000000,0x00000000a1f3df38,0x00000000ab400000)
 Metaspace       used 61090K, capacity 63322K, committed 63448K, reserved 1103872K
  class space    used 8207K, capacity 8684K, committed 8704K, reserved 1048576K
}
Event: 129.082 GC heap before
{Heap before GC invocations=20 (full 3):
 PSYoungGen      total 96768K, used 84858K [0x00000000e0000000, 0x00000000e7200000, 0x0000000100000000)
  eden space 75776K, 100% used [0x00000000e0000000,0x00000000e4a00000,0x00000000e4a00000)
  from space 20992K, 43% used [0x00000000e5d80000,0x00000000e665e960,0x00000000e7200000)
  to   space 19968K, 0% used [0x00000000e4a00000,0x00000000e4a00000,0x00000000e5d80000)
 ParOldGen       total 184320K, used 31991K [0x00000000a0000000, 0x00000000ab400000, 0x00000000e0000000)
  object space 184320K, 17% used [0x00000000a0000000,0x00000000a1f3df38,0x00000000ab400000)
 Metaspace       used 64859K, capacity 67266K, committed 67544K, reserved 1107968K
  class space    used 8587K, capacity 9116K, committed 9216K, reserved 1048576K
Event: 129.096 GC heap after
Heap after GC invocations=20 (full 3):
 PSYoungGen      total 95744K, used 13420K [0x00000000e0000000, 0x00000000e7800000, 0x0000000100000000)
  eden space 75776K, 0% used [0x00000000e0000000,0x00000000e0000000,0x00000000e4a00000)
  from space 19968K, 67% used [0x00000000e4a00000,0x00000000e571b3e8,0x00000000e5d80000)
  to   space 20480K, 0% used [0x00000000e6400000,0x00000000e6400000,0x00000000e7800000)
 ParOldGen       total 184320K, used 31999K [0x00000000a0000000, 0x00000000ab400000, 0x00000000e0000000)
  object space 184320K, 17% used [0x00000000a0000000,0x00000000a1f3ff38,0x00000000ab400000)
 Metaspace       used 64859K, capacity 67266K, committed 67544K, reserved 1107968K
  class space    used 8587K, capacity 9116K, committed 9216K, reserved 1048576K
}
Event: 131.100 GC heap before
{Heap before GC invocations=21 (full 3):
 PSYoungGen      total 95744K, used 89196K [0x00000000e0000000, 0x00000000e7800000, 0x0000000100000000)
  eden space 75776K, 100% used [0x00000000e0000000,0x00000000e4a00000,0x00000000e4a00000)
  from space 19968K, 67% used [0x00000000e4a00000,0x00000000e571b3e8,0x00000000e5d80000)
  to   space 20480K, 0% used [0x00000000e6400000,0x00000000e6400000,0x00000000e7800000)
 ParOldGen       total 184320K, used 31999K [0x00000000a0000000, 0x00000000ab400000, 0x00000000e0000000)
  object space 184320K, 17% used [0x00000000a0000000,0x00000000a1f3ff38,0x00000000ab400000)
 Metaspace       used 66957K, capacity 69412K, committed 69592K, reserved 1110016K
  class space    used 8877K, capacity 9399K, committed 9472K, reserved 1048576K
Event: 131.112 GC heap after
Heap after GC invocations=21 (full 3):
 PSYoungGen      total 102400K, used 13244K [0x00000000e0000000, 0x00000000e7980000, 0x0000000100000000)
  eden space 81920K, 0% used [0x00000000e0000000,0x00000000e0000000,0x00000000e5000000)
  from space 20480K, 64% used [0x00000000e6400000,0x00000000e70ef258,0x00000000e7800000)
  to   space 20480K, 0% used [0x00000000e5000000,0x00000000e5000000,0x00000000e6400000)
 ParOldGen       total 184320K, used 32007K [0x00000000a0000000, 0x00000000ab400000, 0x00000000e0000000)
  object space 184320K, 17% used [0x00000000a0000000,0x00000000a1f41f38,0x00000000ab400000)
 Metaspace       used 66957K, capacity 69412K, committed 69592K, reserved 1110016K
  class space    used 8877K, capacity 9399K, committed 9472K, reserved 1048576K
}
Event: 207.738 GC heap before
{Heap before GC invocations=22 (full 3):
 PSYoungGen      total 102400K, used 95164K [0x00000000e0000000, 0x00000000e7980000, 0x0000000100000000)
  eden space 81920K, 100% used [0x00000000e0000000,0x00000000e5000000,0x00000000e5000000)
  from space 20480K, 64% used [0x00000000e6400000,0x00000000e70ef258,0x00000000e7800000)
  to   space 20480K, 0% used [0x00000000e5000000,0x00000000e5000000,0x00000000e6400000)
 ParOldGen       total 184320K, used 32007K [0x00000000a0000000, 0x00000000ab400000, 0x00000000e0000000)
  object space 184320K, 17% used [0x00000000a0000000,0x00000000a1f41f38,0x00000000ab400000)
 Metaspace       used 70872K, capacity 73758K, committed 73944K, reserved 1114112K
  class space    used 9245K, capacity 9860K, committed 9984K, reserved 1048576K
Event: 207.755 GC heap after
Heap after GC invocations=22 (full 3):
 PSYoungGen      total 102400K, used 16382K [0x00000000e0000000, 0x00000000e8180000, 0x0000000100000000)
  eden space 81920K, 0% used [0x00000000e0000000,0x00000000e0000000,0x00000000e5000000)
  from space 20480K, 79% used [0x00000000e5000000,0x00000000e5fffb80,0x00000000e6400000)
  to   space 22016K, 0% used [0x00000000e6c00000,0x00000000e6c00000,0x00000000e8180000)
 ParOldGen       total 184320K, used 32271K [0x00000000a0000000, 0x00000000ab400000, 0x00000000e0000000)
  object space 184320K, 17% used [0x00000000a0000000,0x00000000a1f83f50,0x00000000ab400000)
 Metaspace       used 70872K, capacity 73758K, committed 73944K, reserved 1114112K
  class space    used 9245K, capacity 9860K, committed 9984K, reserved 1048576K
}
Event: 421.188 GC heap before
{Heap before GC invocations=23 (full 3):
 PSYoungGen      total 102400K, used 98302K [0x00000000e0000000, 0x00000000e8180000, 0x0000000100000000)
  eden space 81920K, 100% used [0x00000000e0000000,0x00000000e5000000,0x00000000e5000000)
  from space 20480K, 79% used [0x00000000e5000000,0x00000000e5fffb80,0x00000000e6400000)
  to   space 22016K, 0% used [0x00000000e6c00000,0x00000000e6c00000,0x00000000e8180000)
 ParOldGen       total 184320K, used 32271K [0x00000000a0000000, 0x00000000ab400000, 0x00000000e0000000)
  object space 184320K, 17% used [0x00000000a0000000,0x00000000a1f83f50,0x00000000ab400000)
 Metaspace       used 71384K, capacity 74358K, committed 74456K, reserved 1114112K
  class space    used 9265K, capacity 9916K, committed 9984K, reserved 1048576K
Event: 421.207 GC heap after
Heap after GC invocations=23 (full 3):
 PSYoungGen      total 108544K, used 14391K [0x00000000e0000000, 0x00000000e8080000, 0x0000000100000000)
  eden space 87552K, 0% used [0x00000000e0000000,0x00000000e0000000,0x00000000e5580000)
  from space 20992K, 68% used [0x00000000e6c00000,0x00000000e7a0dec8,0x00000000e8080000)
  to   space 22016K, 0% used [0x00000000e5580000,0x00000000e5580000,0x00000000e6b00000)
 ParOldGen       total 184320K, used 32279K [0x00000000a0000000, 0x00000000ab400000, 0x00000000e0000000)
  object space 184320K, 17% used [0x00000000a0000000,0x00000000a1f85f50,0x00000000ab400000)
 Metaspace       used 71384K, capacity 74358K, committed 74456K, reserved 1114112K
  class space    used 9265K, capacity 9916K, committed 9984K, reserved 1048576K
}

